<?xml version="1.0" encoding="UTF-8"?>
<!-- Generated by org.testng.reporters.JUnitXMLReporter -->
<testsuite ignored="0" hostname="Saroshs-Mac147---13-inch-2022-M2-16GB.local" failures="1" tests="3" name="Login and Dropdown Tests" time="36.157" errors="0" timestamp="2025-05-03T22:00:21 GMT+08:00">
  <testcase classname="com.selenium.framework.tests.LoginTest" name="testInvalidLogin" time="0.863"/>
  <testcase classname="com.selenium.framework.tests.LoginTest" name="testSuccessfulLogin" time="3.257"/>
  <testcase classname="com.selenium.framework.tests.DropdownTest" name="testInvalidDropdownOption" time="20.148">
    <failure type="org.openqa.selenium.NoSuchElementException" message="Cannot locate option with text: Invalid Option
For documentation on this error, please visit: https://www.selenium.dev/documentation/webdriver/troubleshooting/errors#no-such-element-exception
Build info: version: &amp;apos;4.15.0&amp;apos;, revision: &amp;apos;1d14b5521b&amp;apos;
System info: os.name: &amp;apos;Mac OS X&amp;apos;, os.arch: &amp;apos;aarch64&amp;apos;, os.version: &amp;apos;14.2.1&amp;apos;, java.version: &amp;apos;23.0.2&amp;apos;
Driver info: driver.version: unknown">
      <![CDATA[org.openqa.selenium.NoSuchElementException: Cannot locate option with text: Invalid Option
For documentation on this error, please visit: https://www.selenium.dev/documentation/webdriver/troubleshooting/errors#no-such-element-exception
Build info: version: '4.15.0', revision: '1d14b5521b'
System info: os.name: 'Mac OS X', os.arch: 'aarch64', os.version: '14.2.1', java.version: '23.0.2'
Driver info: driver.version: unknown
at org.openqa.selenium.support.ui.Select.selectByVisibleText(Select.java:153)
at com.selenium.framework.utils.WebDriverUtil.selectByVisibleText(WebDriverUtil.java:95)
at com.selenium.framework.pages.DropdownPage.selectOption(DropdownPage.java:34)
at com.selenium.framework.tests.DropdownTest.testInvalidDropdownOption(DropdownTest.java:24)
at java.base/java.util.ArrayList.forEach(ArrayList.java:1597)
at java.base/java.util.concurrent.FutureTask.run(FutureTask.java:317)
at java.base/java.util.concurrent.ThreadPoolExecutor.runWorker(ThreadPoolExecutor.java:1144)
at java.base/java.util.concurrent.ThreadPoolExecutor$Worker.run(ThreadPoolExecutor.java:642)
at java.base/java.lang.Thread.run(Thread.java:1575)
... Removed 15 stack frames]]>
    </failure>
  </testcase> <!-- testInvalidDropdownOption -->
</testsuite> <!-- Login and Dropdown Tests -->
